mode: atomic
github.com/Lelo88/GoTestDouble/prey/tuna.go:10.35,12.2 1 0
github.com/Lelo88/GoTestDouble/prey/tuna.go:14.24,18.2 1 0
github.com/Lelo88/GoTestDouble/prey/mocks/prey_mock.go:6.29,8.2 1 2
github.com/Lelo88/GoTestDouble/prey/mocks/prey_mock.go:16.38,19.2 2 2
github.com/Lelo88/GoTestDouble/prey/mocks/prey_mock.go:21.28,23.2 1 2
github.com/Lelo88/GoTestDouble/simulator/simulator.go:18.93,23.2 4 0
github.com/Lelo88/GoTestDouble/simulator/simulator.go:25.73,32.2 6 0
github.com/Lelo88/GoTestDouble/simulator/simulator.go:34.63,38.2 1 0
github.com/Lelo88/GoTestDouble/simulator/mocks/simulator_mock.go:8.50,10.2 1 1
github.com/Lelo88/GoTestDouble/simulator/mocks/simulator_mock.go:17.97,20.2 2 2
github.com/Lelo88/GoTestDouble/simulator/mocks/simulator_mock.go:22.77,25.2 2 2
github.com/Lelo88/GoTestDouble/simulator/mocks/simulator_mock.go:28.38,30.2 1 2
github.com/Lelo88/GoTestDouble/shark/white_shark.go:13.13,15.2 1 1
github.com/Lelo88/GoTestDouble/shark/white_shark.go:27.49,28.95 1 2
github.com/Lelo88/GoTestDouble/shark/white_shark.go:32.2,32.46 1 1
github.com/Lelo88/GoTestDouble/shark/white_shark.go:28.95,31.3 2 1
github.com/Lelo88/GoTestDouble/shark/white_shark.go:35.65,41.2 1 1
github.com/Lelo88/GoTestDouble/shark/white_shark.go:43.38,48.2 4 1
github.com/Lelo88/GoTestDouble/prey/mocks/prey_mock.go:6.29,8.2 1 0
github.com/Lelo88/GoTestDouble/prey/mocks/prey_mock.go:16.38,19.2 2 0
github.com/Lelo88/GoTestDouble/prey/mocks/prey_mock.go:21.28,23.2 1 0
github.com/Lelo88/GoTestDouble/simulator/simulator.go:18.93,23.2 4 0
github.com/Lelo88/GoTestDouble/simulator/simulator.go:25.73,32.2 6 0
github.com/Lelo88/GoTestDouble/simulator/simulator.go:34.63,38.2 1 0
github.com/Lelo88/GoTestDouble/shark/white_shark.go:13.13,15.2 1 1
github.com/Lelo88/GoTestDouble/shark/white_shark.go:27.49,28.95 1 0
github.com/Lelo88/GoTestDouble/shark/white_shark.go:32.2,32.46 1 0
github.com/Lelo88/GoTestDouble/shark/white_shark.go:28.95,31.3 2 0
github.com/Lelo88/GoTestDouble/shark/white_shark.go:35.65,41.2 1 0
github.com/Lelo88/GoTestDouble/shark/white_shark.go:43.38,48.2 4 0
github.com/Lelo88/GoTestDouble/simulator/mocks/simulator_mock.go:8.50,10.2 1 0
github.com/Lelo88/GoTestDouble/simulator/mocks/simulator_mock.go:17.97,20.2 2 0
github.com/Lelo88/GoTestDouble/simulator/mocks/simulator_mock.go:22.77,25.2 2 0
github.com/Lelo88/GoTestDouble/simulator/mocks/simulator_mock.go:28.38,30.2 1 0
github.com/Lelo88/GoTestDouble/prey/tuna.go:10.35,12.2 1 6
github.com/Lelo88/GoTestDouble/prey/tuna.go:14.24,18.2 1 0
github.com/Lelo88/GoTestDouble/shark/white_shark.go:13.13,15.2 1 1
github.com/Lelo88/GoTestDouble/shark/white_shark.go:27.49,28.95 1 0
github.com/Lelo88/GoTestDouble/shark/white_shark.go:32.2,32.46 1 0
github.com/Lelo88/GoTestDouble/shark/white_shark.go:28.95,31.3 2 0
github.com/Lelo88/GoTestDouble/shark/white_shark.go:35.65,41.2 1 0
github.com/Lelo88/GoTestDouble/shark/white_shark.go:43.38,48.2 4 0
github.com/Lelo88/GoTestDouble/simulator/mocks/simulator_mock.go:8.50,10.2 1 0
github.com/Lelo88/GoTestDouble/simulator/mocks/simulator_mock.go:17.97,20.2 2 0
github.com/Lelo88/GoTestDouble/simulator/mocks/simulator_mock.go:22.77,25.2 2 0
github.com/Lelo88/GoTestDouble/simulator/mocks/simulator_mock.go:28.38,30.2 1 0
github.com/Lelo88/GoTestDouble/simulator/simulator.go:18.93,23.2 4 0
github.com/Lelo88/GoTestDouble/simulator/simulator.go:25.73,32.2 6 0
github.com/Lelo88/GoTestDouble/simulator/simulator.go:34.63,38.2 1 0
github.com/Lelo88/GoTestDouble/prey/tuna.go:10.35,12.2 1 0
github.com/Lelo88/GoTestDouble/prey/tuna.go:14.24,18.2 1 0
github.com/Lelo88/GoTestDouble/prey/mocks/prey_mock.go:6.29,8.2 1 0
github.com/Lelo88/GoTestDouble/prey/mocks/prey_mock.go:16.38,19.2 2 0
github.com/Lelo88/GoTestDouble/prey/mocks/prey_mock.go:21.28,23.2 1 0
